<?xml version="1.0" encoding="UTF-8"?>
<!-- Generated by org.testng.reporters.JUnitReportReporter -->
<testsuite hostname="QA-1" failures="0" tests="1" name="test.selenium_ControlGroup_test" time="10.484" errors="0" timestamp="2021-09-28T16:34:54 GST" skipped="0">
  <testcase classname="test.selenium_ControlGroup_test" name="controlGroup_test_Method" time="10.484"/>
  <system-out/>
</testsuite> <!-- test.selenium_ControlGroup_test -->
