<?xml version="1.0" encoding="UTF-8"?>
<!-- Generated by org.testng.reporters.JUnitReportReporter -->
<testsuite hostname="QA-1" failures="0" tests="1" name="test.restAssured_GET_test" time="3.440" errors="0" timestamp="2021-09-28T16:34:54 GST" skipped="0">
  <testcase classname="test.restAssured_GET_test" name="restAssuredGET_test_method" time="3.440"/>
  <system-out/>
</testsuite> <!-- test.restAssured_GET_test -->
