<?xml version="1.0" encoding="UTF-8"?>
<!-- Generated by org.testng.reporters.JUnitReportReporter -->
<testsuite hostname="QA-1" failures="0" tests="1" name="test.selenium_DragAndDrop_test" time="10.207" errors="0" timestamp="2021-09-28T16:34:54 GST" skipped="0">
  <testcase classname="test.selenium_DragAndDrop_test" name="dragAndDrop_test_method" time="10.207"/>
  <system-out/>
</testsuite> <!-- test.selenium_DragAndDrop_test -->
